Using pre-set license
Built from '2020.3/release' branch; Version is '2020.3.12f1 (b3b2c6512326) revision 11776710'; Using compiler version '192528614'; Build Type 'Release'
OS: 'Windows 10 Home; OS build 22000.493; Version 2009; 64bit' Language: 'ja' Physical Memory: 16146 MB
BatchMode: 1, IsHumanControllingUs: 0, StartBugReporterOnCrash: 0, Is64bit: 1, IsPro: 0

 COMMAND LINE ARGUMENTS:
C:\Program Files\Unity\Hub\Editor\2020.3.12f1\Editor\Unity.exe
-adb2
-batchMode
-noUpm
-name
AssetImportWorker0
-projectPath
C:/Users/admin/Unity/SkillTree
-logFile
Logs/AssetImportWorker0.log
-srvPort
65041
Successfully changed project path to: C:/Users/admin/Unity/SkillTree
C:/Users/admin/Unity/SkillTree
Using Asset Import Pipeline V2.
Refreshing native plugins compatible for Editor in 28.04 ms, found 2 plugins.
Preloading 0 native plugins for Editor in 0.00 ms.
Initialize engine version: 2020.3.12f1 (b3b2c6512326)
[Subsystems] Discovering subsystems at path C:/Program Files/Unity/Hub/Editor/2020.3.12f1/Editor/Data/Resources/UnitySubsystems
[Subsystems] Discovering subsystems at path C:/Users/admin/Unity/SkillTree/Assets
GfxDevice: creating device client; threaded=0
Direct3D:
    Version:  Direct3D 11.0 [level 11.1]
    Renderer: Intel(R) UHD Graphics (ID=0x9b41)
    Vendor:   
    VRAM:     8073 MB
    Driver:   30.0.100.9864
Initialize mono
Mono path[0] = 'C:/Program Files/Unity/Hub/Editor/2020.3.12f1/Editor/Data/Managed'
Mono path[1] = 'C:/Program Files/Unity/Hub/Editor/2020.3.12f1/Editor/Data/MonoBleedingEdge/lib/mono/unityjit'
Mono config path = 'C:/Program Files/Unity/Hub/Editor/2020.3.12f1/Editor/Data/MonoBleedingEdge/etc'
Using monoOptions --debugger-agent=transport=dt_socket,embedding=1,server=y,suspend=n,address=127.0.0.1:56264
Begin MonoManager ReloadAssembly
Registering precompiled unity dll's ...
Register platform support module: C:/Program Files/Unity/Hub/Editor/2020.3.12f1/Editor/Data/PlaybackEngines/WebGLSupport/UnityEditor.WebGL.Extensions.dll
Register platform support module: C:/Program Files/Unity/Hub/Editor/2020.3.12f1/Editor/Data/PlaybackEngines/WindowsStandaloneSupport/UnityEditor.WindowsStandalone.Extensions.dll
Registered in 0.001267 seconds.
Native extension for WindowsStandalone target not found
Native extension for WebGL target not found
Refreshing native plugins compatible for Editor in 29.56 ms, found 2 plugins.
Preloading 0 native plugins for Editor in 0.00 ms.
Mono: successfully reloaded assembly
- Completed reload, in  1.064 seconds
Platform modules already initialized, skipping
Registering precompiled user dll's ...
Registered in 0.002346 seconds.
Begin MonoManager ReloadAssembly
Native extension for WindowsStandalone target not found
Native extension for WebGL target not found
Refreshing native plugins compatible for Editor in 0.29 ms, found 2 plugins.
Preloading 0 native plugins for Editor in 0.00 ms.
Mono: successfully reloaded assembly
- Completed reload, in  0.924 seconds
Platform modules already initialized, skipping
========================================================================
Worker process is ready to serve import requests
Launched and connected shader compiler UnityShaderCompiler.exe after 0.04 seconds
Refreshing native plugins compatible for Editor in 0.27 ms, found 2 plugins.
Preloading 0 native plugins for Editor in 0.00 ms.
Unloading 1388 Unused Serialized files (Serialized files now loaded: 0)
System memory in use before: 67.4 MB.
System memory in use after: 67.5 MB.

Unloading 19 unused Assets to reduce memory usage. Loaded Objects now: 1822.
Total: 1.957200 ms (FindLiveObjects: 0.146200 ms CreateObjectMapping: 0.036500 ms MarkObjects: 1.644900 ms  DeleteObjects: 0.125300 ms)

AssetImportParameters requested are different than current active one (requested -> active):
  custom:framework-win-MediaFoundation: 216162199b28c13a410421893ffa2e32 -> 
  custom:video-decoder-ogg-theora: a1e56fd34408186e4bbccfd4996cb3dc -> 
  custom:container-muxer-webm: aa71ff27fc2769a1b78a27578f13a17b -> 
  custom:container-demuxer-webm: 4f35f7cbe854078d1ac9338744f61a02 -> 
  custom:container-demuxer-ogg: 62fdf1f143b41e24485cea50d1cbac27 -> 
  custom:video-encoder-webm-vp8: eb34c28f22e8b96e1ab97ce403110664 -> 
  custom:video-codec-MediaFoundation-h265: 746d11721c4dcdbdad8f713fa42b33f4 -> 
  custom:video-decoder-webm-vp8: 9c59270c3fd7afecdb556c50c9e8de78 -> 
  custom:audio-decoder-ogg-vorbis: bf7c407c2cedff20999df2af8eb42d56 -> 
  custom:audio-encoder-webm-vorbis: bf7c407c2cedff20999df2af8eb42d56 -> 
========================================================================
Received Import Request.
  path: Assets/Scenes
  artifactKey: Guid(4c9ec8b05e1c695458bb210d2bafb278) Importer(815301076,1909f56bfc062723c751e8b465ee728b)
Start importing Assets/Scenes using Guid(4c9ec8b05e1c695458bb210d2bafb278) Importer(815301076,1909f56bfc062723c751e8b465ee728b)  -> (artifact id: '00d84eace29272b9be16aef9188f3303') in 0.009698 seconds 
  Import took 0.012030 seconds .

========================================================================
Received Import Request.
  Time since last request: 37.596737 seconds.
  path: Assets/Scenes/StartMenu(scene).unity
  artifactKey: Guid(6d5da2298468ad149aa2dbce40b33992) Importer(815301076,1909f56bfc062723c751e8b465ee728b)
Start importing Assets/Scenes/StartMenu(scene).unity using Guid(6d5da2298468ad149aa2dbce40b33992) Importer(815301076,1909f56bfc062723c751e8b465ee728b)  -> (artifact id: 'b75b96101b1da03289ad82ef9554d7aa') in 0.028618 seconds 
  Import took 0.031746 seconds .

========================================================================
Received Import Request.
  Time since last request: 4219.547826 seconds.
  path: Assets/Scripts/CreateAButton.cs
  artifactKey: Guid(eb5edb6a109539a42b7ca8d483efebce) Importer(815301076,1909f56bfc062723c751e8b465ee728b)
Start importing Assets/Scripts/CreateAButton.cs using Guid(eb5edb6a109539a42b7ca8d483efebce) Importer(815301076,1909f56bfc062723c751e8b465ee728b)  -> (artifact id: '96544fb6eabdef3168815cea5c5f43a5') in 0.045198 seconds 
  Import took 0.049583 seconds .

========================================================================
Received Import Request.
  Time since last request: 0.087326 seconds.
  path: Assets/Scripts/CreateAButton.cs
  artifactKey: Guid(eb5edb6a109539a42b7ca8d483efebce) Importer(815301076,1909f56bfc062723c751e8b465ee728b)
Start importing Assets/Scripts/CreateAButton.cs using Guid(eb5edb6a109539a42b7ca8d483efebce) Importer(815301076,1909f56bfc062723c751e8b465ee728b)  -> (artifact id: '96544fb6eabdef3168815cea5c5f43a5') in 0.005630 seconds 
  Import took 0.010177 seconds .

========================================================================
Received Prepare
Registering precompiled user dll's ...
Registered in 0.002230 seconds.
Begin MonoManager ReloadAssembly
Native extension for WindowsStandalone target not found
Native extension for WebGL target not found
Refreshing native plugins compatible for Editor in 0.28 ms, found 2 plugins.
Preloading 0 native plugins for Editor in 0.00 ms.
Mono: successfully reloaded assembly
- Completed reload, in  0.889 seconds
Platform modules already initialized, skipping
Refreshing native plugins compatible for Editor in 0.28 ms, found 2 plugins.
Preloading 0 native plugins for Editor in 0.00 ms.
Unloading 1384 Unused Serialized files (Serialized files now loaded: 0)
System memory in use before: 67.4 MB.
System memory in use after: 67.5 MB.

Unloading 14 unused Assets to reduce memory usage. Loaded Objects now: 1826.
Total: 2.235700 ms (FindLiveObjects: 0.348400 ms CreateObjectMapping: 0.063700 ms MarkObjects: 1.717400 ms  DeleteObjects: 0.105200 ms)

AssetImportParameters requested are different than current active one (requested -> active):
  custom:framework-win-MediaFoundation: 216162199b28c13a410421893ffa2e32 -> 
  custom:video-decoder-ogg-theora: a1e56fd34408186e4bbccfd4996cb3dc -> 
  custom:container-muxer-webm: aa71ff27fc2769a1b78a27578f13a17b -> 
  custom:container-demuxer-webm: 4f35f7cbe854078d1ac9338744f61a02 -> 
  custom:container-demuxer-ogg: 62fdf1f143b41e24485cea50d1cbac27 -> 
  custom:video-encoder-webm-vp8: eb34c28f22e8b96e1ab97ce403110664 -> 
  custom:video-codec-MediaFoundation-h265: 746d11721c4dcdbdad8f713fa42b33f4 -> 
  custom:video-decoder-webm-vp8: 9c59270c3fd7afecdb556c50c9e8de78 -> 
  custom:audio-decoder-ogg-vorbis: bf7c407c2cedff20999df2af8eb42d56 -> 
  custom:audio-encoder-webm-vorbis: bf7c407c2cedff20999df2af8eb42d56 -> 
========================================================================
Received Import Request.
  Time since last request: 238.782514 seconds.
  path: Assets/Scripts/CreateAButton.cs
  artifactKey: Guid(eb5edb6a109539a42b7ca8d483efebce) Importer(815301076,1909f56bfc062723c751e8b465ee728b)
Start importing Assets/Scripts/CreateAButton.cs using Guid(eb5edb6a109539a42b7ca8d483efebce) Importer(815301076,1909f56bfc062723c751e8b465ee728b)  -> (artifact id: 'f26cf58a58be6f9ed78e2545535e2e4d') in 0.016025 seconds 
  Import took 0.019507 seconds .

========================================================================
Received Import Request.
  Time since last request: 9.728178 seconds.
  path: Assets/Scripts/CreateAButton.cs
  artifactKey: Guid(eb5edb6a109539a42b7ca8d483efebce) Importer(815301076,1909f56bfc062723c751e8b465ee728b)
Start importing Assets/Scripts/CreateAButton.cs using Guid(eb5edb6a109539a42b7ca8d483efebce) Importer(815301076,1909f56bfc062723c751e8b465ee728b)  -> (artifact id: 'c0f97ecb3088b787ec2b59d583d90c52') in 0.005745 seconds 
  Import took 0.009762 seconds .

========================================================================
Received Import Request.
  Time since last request: 1942.216236 seconds.
  path: Assets/Scenes/CreateANewTree.unity
  artifactKey: Guid(2f4cafe5b3f5c7343947b8180012eb6c) Importer(815301076,1909f56bfc062723c751e8b465ee728b)
Start importing Assets/Scenes/CreateANewTree.unity using Guid(2f4cafe5b3f5c7343947b8180012eb6c) Importer(815301076,1909f56bfc062723c751e8b465ee728b)  -> (artifact id: 'bf5a0104367a392198d458f58e2ef6a8') in 0.029888 seconds 
  Import took 0.032980 seconds .

AssetImportWorkerClient::OnTransportError - code=2 error=End of file
